<?xml version="1.0" encoding="UTF-8"?>
<!-- Generated by org.testng.reporters.JUnitXMLReporter -->
<testsuite ignored="2" hostname="LAPTOP-QVJ5LU04" failures="0" tests="1" name="Surefire test" time="39.994" errors="0" timestamp="2026-02-21T22:10:26 IST">
  <testcase classname="tests.HomePageTest" name="validatePortOfCalls" time="25.039"/>
  <testcase classname="tests.Base" name="@AfterTest tearDown" time="0.0">
    <ignored/>
  </testcase> <!-- @AfterTest tearDown -->
  <testcase classname="tests.Base" name="@BeforeTest launchApplication" time="0.0">
    <ignored/>
  </testcase> <!-- @BeforeTest launchApplication -->
</testsuite> <!-- Surefire test -->
