<?xml version="1.0" encoding="UTF-8"?>
<testng-results ignored="0" total="1" passed="1" failed="0" skipped="0">
  <reporter-output>
  </reporter-output>
  <suite started-at="2026-02-21T22:09:46 IST" name="Surefire suite" finished-at="2026-02-21T22:10:26 IST" duration-ms="39994">
    <groups>
    </groups>
    <test started-at="2026-02-21T22:09:46 IST" name="Surefire test" finished-at="2026-02-21T22:10:26 IST" duration-ms="39994">
      <class name="tests.HomePageTest">
        <test-method is-config="true" signature="launchApplication()[pri:0, instance:tests.HomePageTest@301ec38b]" started-at="2026-02-21T22:09:46 IST" name="launchApplication" finished-at="2026-02-21T22:10:00 IST" duration-ms="14588" status="PASS">
          <reporter-output>
          </reporter-output>
        </test-method> <!-- launchApplication -->
        <test-method signature="validatePortOfCalls()[pri:0, instance:tests.HomePageTest@301ec38b]" started-at="2026-02-21T22:10:00 IST" name="validatePortOfCalls" finished-at="2026-02-21T22:10:25 IST" duration-ms="25039" status="PASS">
          <reporter-output>
          </reporter-output>
        </test-method> <!-- validatePortOfCalls -->
        <test-method is-config="true" signature="tearDown()[pri:0, instance:tests.HomePageTest@301ec38b]" started-at="2026-02-21T22:10:25 IST" name="tearDown" finished-at="2026-02-21T22:10:26 IST" duration-ms="285" status="PASS">
          <reporter-output>
          </reporter-output>
        </test-method> <!-- tearDown -->
      </class> <!-- tests.HomePageTest -->
    </test> <!-- Surefire test -->
  </suite> <!-- Surefire suite -->
</testng-results>
